<?xml version="1.0" encoding="UTF-8"?>
<testng-results ignored="0" total="1" passed="1" failed="0" skipped="0">
  <reporter-output>
  </reporter-output>
  <suite started-at="2022-03-09T11:30:42 IST" name="Default suite" finished-at="2022-03-09T11:31:00 IST" duration-ms="18381">
    <groups>
    </groups>
    <test started-at="2022-03-09T11:30:42 IST" name="Default test" finished-at="2022-03-09T11:31:00 IST" duration-ms="18381">
      <class name="MainTest.readExcelLoginWrite">
        <test-method is-config="true" signature="openBrowser()[pri:0, instance:MainTest.readExcelLoginWrite@942a29c]" started-at="2022-03-09T11:30:42 IST" name="openBrowser" finished-at="2022-03-09T11:30:50 IST" duration-ms="8288" status="PASS">
          <reporter-output>
          </reporter-output>
        </test-method> <!-- openBrowser -->
        <test-method signature="readExcel()[pri:0, instance:MainTest.readExcelLoginWrite@942a29c]" started-at="2022-03-09T11:30:50 IST" name="readExcel" finished-at="2022-03-09T11:31:00 IST" duration-ms="10044" status="PASS">
          <reporter-output>
          </reporter-output>
        </test-method> <!-- readExcel -->
        <test-method is-config="true" signature="closeBrowser()[pri:0, instance:MainTest.readExcelLoginWrite@942a29c]" started-at="2022-03-09T11:31:00 IST" name="closeBrowser" finished-at="2022-03-09T11:31:00 IST" duration-ms="2" status="PASS">
          <reporter-output>
          </reporter-output>
        </test-method> <!-- closeBrowser -->
      </class> <!-- MainTest.readExcelLoginWrite -->
    </test> <!-- Default test -->
  </suite> <!-- Default suite -->
</testng-results>
